<?xml version="1.0" encoding="UTF-8"?>
<!-- Generated by org.testng.reporters.JUnitXMLReporter -->
<testsuite ignored="0" hostname="SAG-6LCP1Z2" failures="1" tests="1" name="Validation" time="1.94" errors="0" timestamp="2021-10-14T14:59:20 IST">
  <testcase classname="SAG.E2EProject.validatePage" name="validatepage" time="1.077">
    <failure type="java.lang.AssertionError" message="expected [FEATURED COURSES123] but found [FEATURED COURSES]">
      <![CDATA[java.lang.AssertionError: expected [FEATURED COURSES123] but found [FEATURED COURSES]
at SAG.E2EProject.validatePage.validatepage(validatePage.java:35)
at java.base/java.util.ArrayList.forEach(ArrayList.java:1511)
... Removed 37 stack frames]]>
    </failure>
  </testcase> <!-- validatepage -->
</testsuite> <!-- Validation -->
