<?xml version="1.0" encoding="UTF-8"?>
<!-- Generated by org.testng.reporters.JUnitXMLReporter -->
<testsuite hostname="SAG-6LCP1Z2" ignored="0" name="Validating title in the Page" tests="1" failures="1" timestamp="2021-10-15T19:31:53 IST" time="2.323" errors="0">
  <testcase name="validateAppTitle" time="0.025" classname="SAG.E2EProject.validateTitle">
    <failure type="java.lang.AssertionError" message="expected [FEATURED CO123URSES] but found [FEATURED COURSES]">
      <![CDATA[java.lang.AssertionError: expected [FEATURED CO123URSES] but found [FEATURED COURSES]
at SAG.E2EProject.validateTitle.validateAppTitle(validateTitle.java:42)
at java.util.ArrayList.forEach(ArrayList.java:1259)
... Removed 37 stack frames]]>
    </failure>
  </testcase> <!-- validateAppTitle -->
</testsuite> <!-- Validating title in the Page -->
