<?xml version="1.0" encoding="UTF-8"?>
<testng-results ignored="0" total="1" passed="1" failed="0" skipped="0">
  <reporter-output>
  </reporter-output>
  <suite started-at="2021-10-12T19:28:19 IST" name="Default suite" finished-at="2021-10-12T19:28:23 IST" duration-ms="4101">
    <groups>
    </groups>
    <test started-at="2021-10-12T19:28:19 IST" name="Default test" finished-at="2021-10-12T19:28:23 IST" duration-ms="4101">
      <class name="testCases.loginToApp">
        <test-method signature="login()[pri:0, instance:testCases.loginToApp@378542de]" started-at="2021-10-12T19:28:19 IST" name="login" finished-at="2021-10-12T19:28:23 IST" duration-ms="4078" status="PASS">
          <reporter-output>
          </reporter-output>
        </test-method> <!-- login -->
      </class> <!-- testCases.loginToApp -->
    </test> <!-- Default test -->
  </suite> <!-- Default suite -->
</testng-results>
