<?xml version="1.0" encoding="UTF-8" standalone="no"?>
<testsuite errors="0" failures="1" name="io.cucumber.core.plugin.JUnitFormatter" skipped="0" tests="1" time="3.281">
<testcase classname="Login to IS" name="Login to IS" time="3.14">
<failure message="" type="java.lang.NullPointerException"><![CDATA[Given : Login to Integration Server using http://vmiotspro98:5555/, Administrator, manage.failed

StackTrace:
java.lang.NullPointerException
	at is.isLoginSteps.login_to_integration_server(isLoginSteps.java:26)
	at ✽.: Login to Integration Server using http://vmiotspro98:5555/, Administrator, manage(file:///C:/Users/SPKU/eclipse-workspace/CucumberDemo/Features/isLogin.feature:4)
]]></failure>
</testcase>
</testsuite>
