<?xml version="1.0" encoding="UTF-8"?>
<testng-results skipped="0" failed="0" total="1" passed="1">
  <reporter-output>
  </reporter-output>
  <suite name="Surefire suite" duration-ms="25" started-at="2021-10-19T03:30:19Z" finished-at="2021-10-19T03:30:19Z">
    <groups>
    </groups>
    <test name="Surefire test" duration-ms="25" started-at="2021-10-19T03:30:19Z" finished-at="2021-10-19T03:30:19Z">
      <class name="Cucumber.Automation.AppTest">
        <test-method status="PASS" signature="shouldAnswerWithTrue()[pri:0, instance:shouldAnswerWithTrue(Cucumber.Automation.AppTest)]" name="shouldAnswerWithTrue" duration-ms="0" started-at="2021-10-19T09:00:19Z" finished-at="2021-10-19T09:00:19Z">
          <reporter-output>
          </reporter-output>
        </test-method> <!-- shouldAnswerWithTrue -->
      </class> <!-- Cucumber.Automation.AppTest -->
    </test> <!-- Surefire test -->
  </suite> <!-- Surefire suite -->
</testng-results>
