<?xml version="1.0" encoding="UTF-8"?>
<testng-results skipped="0" failed="0" total="1" passed="1">
  <reporter-output>
  </reporter-output>
  <suite name="Surefire suite" duration-ms="301" started-at="2021-10-19T03:30:19Z" finished-at="2021-10-19T03:30:19Z">
    <groups>
      <group name="cucumber">
        <method signature="AbstractTestNGCucumberTests.feature(cucumber.api.testng.CucumberFeatureWrapper)[pri:0, instance:CucumberOptions.TestRunner@7a5d012c]" name="feature" class="cucumber.api.testng.AbstractTestNGCucumberTests"/>
      </group> <!-- cucumber -->
    </groups>
    <test name="Surefire test" duration-ms="301" started-at="2021-10-19T03:30:19Z" finished-at="2021-10-19T03:30:19Z">
      <class name="CucumberOptions.TestRunner">
        <test-method status="PASS" signature="setUpClass()[pri:0, instance:CucumberOptions.TestRunner@7a5d012c]" name="setUpClass" is-config="true" duration-ms="145" started-at="2021-10-19T09:00:19Z" finished-at="2021-10-19T09:00:19Z">
          <reporter-output>
          </reporter-output>
        </test-method> <!-- setUpClass -->
        <test-method status="PASS" signature="feature(cucumber.api.testng.CucumberFeatureWrapper)[pri:0, instance:CucumberOptions.TestRunner@7a5d012c]" name="feature" duration-ms="88" started-at="2021-10-19T09:00:19Z" description="Runs Cucumber Feature" data-provider="features" finished-at="2021-10-19T09:00:19Z">
          <params>
            <param index="0">
              <value>
                <![CDATA[Application Login]]>
              </value>
            </param>
          </params>
          <reporter-output>
          </reporter-output>
        </test-method> <!-- feature -->
        <test-method status="PASS" signature="tearDownClass()[pri:0, instance:CucumberOptions.TestRunner@7a5d012c]" name="tearDownClass" is-config="true" duration-ms="3" started-at="2021-10-19T09:00:19Z" finished-at="2021-10-19T09:00:19Z">
          <reporter-output>
          </reporter-output>
        </test-method> <!-- tearDownClass -->
      </class> <!-- CucumberOptions.TestRunner -->
    </test> <!-- Surefire test -->
  </suite> <!-- Surefire suite -->
</testng-results>
