-------------------------------------------------------------------------------
Test set: TestSuite
-------------------------------------------------------------------------------
Tests run: 3, Failures: 1, Errors: 0, Skipped: 0, Time elapsed: 12.99 s <<< FAILURE! - in TestSuite
SAG.E2EProject.validateTitle.validateAppTitle  Time elapsed: 0.187 s  <<< FAILURE!
java.lang.AssertionError: expected [FEATURED CO123URSES] but found [FEATURED COURSES]
	at SAG.E2EProject.validateTitle.validateAppTitle(validateTitle.java:42)

