-------------------------------------------------------------------------------
Test set: TestSuite
-------------------------------------------------------------------------------
Tests run: 3, Failures: 1, Errors: 0, Skipped: 0, Time elapsed: 8.909 s <<< FAILURE! - in TestSuite
SAG.E2EProject.validatePage.validatepage  Time elapsed: 1.073 s  <<< FAILURE!
java.lang.AssertionError: expected [FEATURED COURSES123] but found [FEATURED COURSES]
	at SAG.E2EProject.validatePage.validatepage(validatePage.java:35)

