<?xml version="1.0" encoding="UTF-8"?>
<testng-results ignored="0" total="1" passed="1" failed="0" skipped="0">
  <reporter-output>
  </reporter-output>
  <suite started-at="2021-10-10T22:28:32 IST" name="Default suite" finished-at="2021-10-10T22:28:35 IST" duration-ms="3045">
    <groups>
    </groups>
    <test started-at="2021-10-10T22:28:32 IST" name="Default test" finished-at="2021-10-10T22:28:35 IST" duration-ms="3045">
      <class name="loginTest">
        <test-method is-config="true" signature="config()[pri:0, instance:loginTest@1b2abca6]" started-at="2021-10-10T22:28:32 IST" name="config" finished-at="2021-10-10T22:28:32 IST" duration-ms="130" status="PASS">
          <reporter-output>
          </reporter-output>
        </test-method> <!-- config -->
        <test-method signature="login()[pri:0, instance:loginTest@1b2abca6]" started-at="2021-10-10T22:28:32 IST" name="login" finished-at="2021-10-10T22:28:35 IST" duration-ms="2873" status="PASS">
          <reporter-output>
          </reporter-output>
        </test-method> <!-- login -->
      </class> <!-- loginTest -->
    </test> <!-- Default test -->
  </suite> <!-- Default suite -->
</testng-results>
