<?xml version="1.0" encoding="UTF-8"?>
<testsuite xmlns:xsi="http://www.w3.org/2001/XMLSchema-instance" xsi:noNamespaceSchemaLocation="https://maven.apache.org/surefire/maven-surefire-plugin/xsd/surefire-test-report.xsd" name="TestSuite" time="5.346" tests="3" errors="0" skipped="0" failures="1">
  <properties>
[...]
</properties>
  <testcase name="testPost" classname="restassuredUtils.restPostTest" time="2.916">
    <failure message="1 expectation failed.&#10;Expected status code &lt;200&gt; but was &lt;500&gt;.&#10;" type="java.lang.AssertionError"><![CDATA[java.lang.AssertionError: 
1 expectation failed.
Expected status code <200> but was <500>.

	at restassuredUtils.restPostTest.testPost(restPostTest.java:38)
]]></failure>
  </testcase>
  <testcase name="getwheatherDetails" classname="RestAutomation.Demo.restassuredTests" time="1.273"/>
  <testcase name="shouldAnswerWithTrue on shouldAnswerWithTrue(RestAutomation.Demo.AppTest)" classname="RestAutomation.Demo.AppTest" time="0.001"/>
</testsuite>