<?xml version="1.0" encoding="UTF-8"?>
<!-- Generated by org.testng.reporters.JUnitXMLReporter -->
<testsuite ignored="1" hostname="SAG-6LCP1Z2" failures="0" tests="4" name="Test" time="0.067" errors="0" timestamp="2021-10-08T09:46:57 IST">
  <testcase classname="testNGprac.test1" name="Test1" time="0.009"/>
  <testcase classname="testNGprac.test1" name="Test2" time="0.002"/>
  <testcase classname="testNGprac.test2" name="loginHome" time="0.001"/>
  <testcase classname="testNGprac.test2" name="loginPI" time="0.001"/>
  <testcase classname="testNGprac.test2" name="loginMobile" time="0.0">
    <ignored/>
  </testcase> <!-- loginMobile -->
</testsuite> <!-- Test -->
