<?xml version="1.0" encoding="UTF-8"?>
<!-- Generated by org.testng.reporters.JUnitXMLReporter -->
<testsuite hostname="SAG-6LCP1Z2" ignored="0" name="Command line test" tests="6" failures="0" timestamp="10 Oct 2021 13:37:15 GMT" time="0.024" errors="0">
  <testcase name="IOSApps" time="0.005" classname="qaclickacademy.AppiumTest"/>
  <testcase name="NativeAPpAndroid" time="0.0" classname="qaclickacademy.AppiumTest"/>
  <testcase name="deleteTwitter" time="0.0" classname="qaclickacademy.RESTAPITest"/>
  <testcase name="postJira" time="0.0" classname="qaclickacademy.RESTAPITest"/>
  <testcase name="BrowserAUtomation" time="0.0" classname="qaclickacademy.SeleniumTest"/>
  <testcase name="elementsUi" time="0.0" classname="qaclickacademy.SeleniumTest"/>
</testsuite> <!-- Command line test -->
